mode: atomic
github.com/ablease/zinn/command/masteries_command.go:20.47,24.2 3 2
github.com/ablease/zinn/command/masteries_command.go:26.57,28.16 2 1
github.com/ablease/zinn/command/masteries_command.go:32.2,33.32 2 1
github.com/ablease/zinn/command/masteries_command.go:38.2,40.12 3 1
github.com/ablease/zinn/command/masteries_command.go:28.16,30.3 1 0
github.com/ablease/zinn/command/masteries_command.go:33.32,36.3 2 2
github.com/ablease/zinn/command/professions_command.go:19.49,23.2 3 2
github.com/ablease/zinn/command/professions_command.go:25.59,27.16 2 2
github.com/ablease/zinn/command/professions_command.go:31.2,33.12 3 1
github.com/ablease/zinn/command/professions_command.go:27.16,29.3 1 1
